Connecting to database specified by database.yml
Compiled jquery.js  (7ms)  (pid 9818)
Compiled jquery_ujs.js  (0ms)  (pid 9818)
Compiled calificacions.js  (116ms)  (pid 9818)
Compiled comments.js  (2ms)  (pid 9818)
Compiled funcionalidads.js  (1ms)  (pid 9818)
Compiled functions.js  (1ms)  (pid 9818)
Compiled imagens.js  (0ms)  (pid 9818)
Compiled inicio.js  (0ms)  (pid 9818)
Compiled noticia.js  (0ms)  (pid 9818)
Compiled notifications.js  (0ms)  (pid 9818)
Compiled novelties.js  (1ms)  (pid 9818)
Compiled password.js  (1ms)  (pid 9818)
Compiled permissions.js  (1ms)  (pid 9818)
Compiled personas.js  (1ms)  (pid 9818)
Compiled reset_password.js  (1ms)  (pid 9818)
Compiled roles.js  (1ms)  (pid 9818)
Compiled tipo_usuario_funcionalidads.js  (1ms)  (pid 9818)
Compiled tipo_usuarios.js  (0ms)  (pid 9818)
Compiled usr_novelties.js  (1ms)  (pid 9818)
Compiled videos.js  (1ms)  (pid 9818)
Compiled application.js  (357ms)  (pid 9818)
Compiled application.css  (0ms)  (pid 9818)
Connecting to database specified by database.yml
Compiled jquery.js  (7ms)  (pid 9818)
Compiled jquery_ujs.js  (0ms)  (pid 9818)
Compiled calificacions.js  (94ms)  (pid 9818)
Compiled comments.js  (1ms)  (pid 9818)
Compiled funcionalidads.js  (1ms)  (pid 9818)
Compiled functions.js  (0ms)  (pid 9818)
Compiled imagens.js  (0ms)  (pid 9818)
Compiled inicio.js  (0ms)  (pid 9818)
Compiled noticia.js  (0ms)  (pid 9818)
Compiled notifications.js  (1ms)  (pid 9818)
Compiled novelties.js  (1ms)  (pid 9818)
Compiled password.js  (1ms)  (pid 9818)
Compiled permissions.js  (1ms)  (pid 9818)
Compiled personas.js  (0ms)  (pid 9818)
Compiled reset_password.js  (0ms)  (pid 9818)
Compiled roles.js  (0ms)  (pid 9818)
Compiled tipo_usuario_funcionalidads.js  (0ms)  (pid 9818)
Compiled tipo_usuarios.js  (0ms)  (pid 9818)
Compiled usr_novelties.js  (0ms)  (pid 9818)
Compiled videos.js  (1ms)  (pid 9818)
Compiled application.js  (262ms)  (pid 9818)
Compiled application.css  (0ms)  (pid 9818)
