# Logfile created on 2014-02-20 14:59:53 -0500 by logger.rb/31641
I, [2014-02-20T14:59:53.633570 #263687]  INFO -- : 0:  rake (10.1.0) from /var/lib/stickshift/5303e4185973ca48d0000201/app-root/data/lib/ruby/gems/specifications/rake-10.1.0.gemspec
I, [2014-02-20T14:59:58.160471 #263687]  INFO -- : 0:  i18n (0.6.1) from /var/lib/stickshift/5303e4185973ca48d0000201/app-root/data/lib/ruby/gems/specifications/i18n-0.6.1.gemspec
I, [2014-02-20T15:00:01.033116 #263687]  INFO -- : 0:  multi_json (1.7.2) from /var/lib/stickshift/5303e4185973ca48d0000201/app-root/data/lib/ruby/gems/specifications/multi_json-1.7.2.gemspec
I, [2014-02-20T15:00:16.518035 #263687]  INFO -- : 0:  activesupport (3.2.13) from /var/lib/stickshift/5303e4185973ca48d0000201/app-root/data/lib/ruby/gems/specifications/activesupport-3.2.13.gemspec
I, [2014-02-20T15:00:38.890950 #263687]  INFO -- : 0:  builder (3.0.4) from /var/lib/stickshift/5303e4185973ca48d0000201/app-root/data/lib/ruby/gems/specifications/builder-3.0.4.gemspec
I, [2014-02-20T15:00:44.683377 #263687]  INFO -- : 0:  activemodel (3.2.13) from /var/lib/stickshift/5303e4185973ca48d0000201/app-root/data/lib/ruby/gems/specifications/activemodel-3.2.13.gemspec
I, [2014-02-20T15:00:44.699933 #263687]  INFO -- : 0:  erubis (2.7.0) from /usr/libexec/openshift/cartridges/c9-0.1/root/lib/ruby/gems/specifications/erubis-2.7.0.gemspec
I, [2014-02-20T15:00:55.088925 #263687]  INFO -- : 0:  journey (1.0.4) from /var/lib/stickshift/5303e4185973ca48d0000201/app-root/data/lib/ruby/gems/specifications/journey-1.0.4.gemspec
I, [2014-02-20T15:01:23.315428 #263687]  INFO -- : 0:  rack (1.4.5) from /var/lib/stickshift/5303e4185973ca48d0000201/app-root/data/lib/ruby/gems/specifications/rack-1.4.5.gemspec
I, [2014-02-20T15:01:27.798402 #263687]  INFO -- : 0:  rack-cache (1.2) from /var/lib/stickshift/5303e4185973ca48d0000201/app-root/data/lib/ruby/gems/specifications/rack-cache-1.2.gemspec
I, [2014-02-20T15:01:27.804646 #263687]  INFO -- : 0:  rack-test (0.6.2) from /usr/libexec/openshift/cartridges/c9-0.1/root/lib/ruby/gems/specifications/rack-test-0.6.2.gemspec
I, [2014-02-20T15:01:31.459938 #263687]  INFO -- : 0:  hike (1.2.2) from /var/lib/stickshift/5303e4185973ca48d0000201/app-root/data/lib/ruby/gems/specifications/hike-1.2.2.gemspec
I, [2014-02-20T15:01:36.947287 #263687]  INFO -- : 0:  tilt (1.3.7) from /var/lib/stickshift/5303e4185973ca48d0000201/app-root/data/lib/ruby/gems/specifications/tilt-1.3.7.gemspec
I, [2014-02-20T15:01:41.378067 #263687]  INFO -- : 0:  sprockets (2.2.2) from /var/lib/stickshift/5303e4185973ca48d0000201/app-root/data/lib/ruby/gems/specifications/sprockets-2.2.2.gemspec
I, [2014-02-20T15:01:48.113254 #263687]  INFO -- : 0:  actionpack (3.2.13) from /var/lib/stickshift/5303e4185973ca48d0000201/app-root/data/lib/ruby/gems/specifications/actionpack-3.2.13.gemspec
I, [2014-02-20T15:01:53.429270 #263687]  INFO -- : 0:  mime-types (1.22) from /var/lib/stickshift/5303e4185973ca48d0000201/app-root/data/lib/ruby/gems/specifications/mime-types-1.22.gemspec
I, [2014-02-20T15:01:53.430232 #263687]  INFO -- : 0:  polyglot (0.3.3) from /usr/libexec/openshift/cartridges/c9-0.1/root/lib/ruby/gems/specifications/polyglot-0.3.3.gemspec
I, [2014-02-20T15:02:01.458174 #263687]  INFO -- : 0:  treetop (1.4.12) from /var/lib/stickshift/5303e4185973ca48d0000201/app-root/data/lib/ruby/gems/specifications/treetop-1.4.12.gemspec
I, [2014-02-20T15:02:06.980348 #263687]  INFO -- : 0:  mail (2.5.3) from /var/lib/stickshift/5303e4185973ca48d0000201/app-root/data/lib/ruby/gems/specifications/mail-2.5.3.gemspec
I, [2014-02-20T15:02:09.193248 #263687]  INFO -- : 0:  actionmailer (3.2.13) from /var/lib/stickshift/5303e4185973ca48d0000201/app-root/data/lib/ruby/gems/specifications/actionmailer-3.2.13.gemspec
I, [2014-02-20T15:02:13.465113 #263687]  INFO -- : 0:  arel (3.0.2) from /var/lib/stickshift/5303e4185973ca48d0000201/app-root/data/lib/ruby/gems/specifications/arel-3.0.2.gemspec
I, [2014-02-20T15:02:31.684640 #263687]  INFO -- : 0:  tzinfo (0.3.37) from /var/lib/stickshift/5303e4185973ca48d0000201/app-root/data/lib/ruby/gems/specifications/tzinfo-0.3.37.gemspec
I, [2014-02-20T15:02:37.325836 #263687]  INFO -- : 0:  activerecord (3.2.13) from /var/lib/stickshift/5303e4185973ca48d0000201/app-root/data/lib/ruby/gems/specifications/activerecord-3.2.13.gemspec
I, [2014-02-20T15:02:39.421366 #263687]  INFO -- : 0:  activeresource (3.2.13) from /var/lib/stickshift/5303e4185973ca48d0000201/app-root/data/lib/ruby/gems/specifications/activeresource-3.2.13.gemspec
I, [2014-02-20T15:02:42.301501 #263687]  INFO -- : 0:  addressable (2.3.4) from /var/lib/stickshift/5303e4185973ca48d0000201/app-root/data/lib/ruby/gems/specifications/addressable-2.3.4.gemspec
I, [2014-02-20T15:02:48.362971 #263687]  INFO -- : 0:  coderay (1.0.9) from /var/lib/stickshift/5303e4185973ca48d0000201/app-root/data/lib/ruby/gems/specifications/coderay-1.0.9.gemspec
I, [2014-02-20T15:02:52.619860 #263687]  INFO -- : 0:  better_errors (0.9.0) from /var/lib/stickshift/5303e4185973ca48d0000201/app-root/data/lib/ruby/gems/specifications/better_errors-0.9.0.gemspec
I, [2014-02-20T15:03:00.197708 #263687]  INFO -- : 0:  debug_inspector (0.0.2) from /var/lib/stickshift/5303e4185973ca48d0000201/app-root/data/lib/ruby/gems/specifications/debug_inspector-0.0.2.gemspec
I, [2014-02-20T15:03:16.236461 #263687]  INFO -- : 0:  binding_of_caller (0.7.1) from /var/lib/stickshift/5303e4185973ca48d0000201/app-root/data/lib/ruby/gems/specifications/binding_of_caller-0.7.1.gemspec
I, [2014-02-20T15:03:20.578263 #263687]  INFO -- : 0:  client_side_validations (3.2.5) from /var/lib/stickshift/5303e4185973ca48d0000201/app-root/data/lib/ruby/gems/specifications/client_side_validations-3.2.5.gemspec
I, [2014-02-20T15:03:24.197036 #263687]  INFO -- : 0:  coffee-script-source (1.6.2) from /var/lib/stickshift/5303e4185973ca48d0000201/app-root/data/lib/ruby/gems/specifications/coffee-script-source-1.6.2.gemspec
I, [2014-02-20T15:03:27.458720 #263687]  INFO -- : 0:  execjs (1.4.0) from /var/lib/stickshift/5303e4185973ca48d0000201/app-root/data/lib/ruby/gems/specifications/execjs-1.4.0.gemspec
I, [2014-02-20T15:03:27.476464 #263687]  INFO -- : 0:  coffee-script (2.2.0) from /usr/libexec/openshift/cartridges/c9-0.1/root/lib/ruby/gems/specifications/coffee-script-2.2.0.gemspec
I, [2014-02-20T15:03:30.828818 #263687]  INFO -- : 0:  rack-ssl (1.3.3) from /var/lib/stickshift/5303e4185973ca48d0000201/app-root/data/lib/ruby/gems/specifications/rack-ssl-1.3.3.gemspec
I, [2014-02-20T15:03:51.011483 #263687]  INFO -- : 0:  json (1.7.7) from /var/lib/stickshift/5303e4185973ca48d0000201/app-root/data/lib/ruby/gems/specifications/json-1.7.7.gemspec
I, [2014-02-20T15:04:04.394921 #263687]  INFO -- : 0:  rdoc (3.12.2) from /var/lib/stickshift/5303e4185973ca48d0000201/app-root/data/lib/ruby/gems/specifications/rdoc-3.12.2.gemspec
I, [2014-02-20T15:04:04.447983 #263687]  INFO -- : 0:  thor (0.18.1) from /usr/libexec/openshift/cartridges/c9-0.1/root/lib/ruby/gems/specifications/thor-0.18.1.gemspec
I, [2014-02-20T15:04:23.880371 #263687]  INFO -- : 0:  railties (3.2.13) from /var/lib/stickshift/5303e4185973ca48d0000201/app-root/data/lib/ruby/gems/specifications/railties-3.2.13.gemspec
I, [2014-02-20T15:04:29.037701 #263687]  INFO -- : 0:  coffee-rails (3.2.2) from /var/lib/stickshift/5303e4185973ca48d0000201/app-root/data/lib/ruby/gems/specifications/coffee-rails-3.2.2.gemspec
I, [2014-02-20T15:04:30.745054 #263687]  INFO -- : 0:  flickraw (0.9.6) from /var/lib/stickshift/5303e4185973ca48d0000201/app-root/data/lib/ruby/gems/specifications/flickraw-0.9.6.gemspec
I, [2014-02-20T15:04:34.200238 #263687]  INFO -- : 0:  multi_xml (0.5.4) from /var/lib/stickshift/5303e4185973ca48d0000201/app-root/data/lib/ruby/gems/specifications/multi_xml-0.5.4.gemspec
I, [2014-02-20T15:04:38.385496 #263687]  INFO -- : 0:  httparty (0.11.0) from /var/lib/stickshift/5303e4185973ca48d0000201/app-root/data/lib/ruby/gems/specifications/httparty-0.11.0.gemspec
I, [2014-02-20T15:04:46.522081 #263687]  INFO -- : 0:  jquery-rails (2.2.1) from /var/lib/stickshift/5303e4185973ca48d0000201/app-root/data/lib/ruby/gems/specifications/jquery-rails-2.2.1.gemspec
I, [2014-02-20T15:04:53.785078 #263687]  INFO -- : 0:  jquery_datepicker (0.4) from /var/lib/stickshift/5303e4185973ca48d0000201/app-root/data/lib/ruby/gems/specifications/jquery_datepicker-0.4.gemspec
I, [2014-02-20T15:05:01.588813 #263687]  INFO -- : 0:  launchy (2.3.0) from /var/lib/stickshift/5303e4185973ca48d0000201/app-root/data/lib/ruby/gems/specifications/launchy-2.3.0.gemspec
I, [2014-02-20T15:05:31.468296 #263687]  INFO -- : 0:  libv8 (3.11.8.17) from /var/lib/stickshift/5303e4185973ca48d0000201/app-root/data/lib/ruby/gems/specifications/libv8-3.11.8.17-x86_64-linux.gemspec
I, [2014-02-20T15:09:35.390011 #263687]  INFO -- : 0:  pg (0.15.1) from /var/lib/stickshift/5303e4185973ca48d0000201/app-root/data/lib/ruby/gems/specifications/pg-0.15.1.gemspec
I, [2014-02-20T15:09:48.958904 #263687]  INFO -- : 0:  picasa (0.6.7) from /var/lib/stickshift/5303e4185973ca48d0000201/app-root/data/lib/ruby/gems/specifications/picasa-0.6.7.gemspec
I, [2014-02-20T15:09:48.959894 #263687]  INFO -- : 0:  bundler (1.5.1) from /usr/libexec/openshift/cartridges/c9-0.1/root/lib/ruby/gems/specifications/bundler-1.5.1.gemspec
I, [2014-02-20T15:09:54.584968 #263687]  INFO -- : 0:  rails (3.2.13) from /var/lib/stickshift/5303e4185973ca48d0000201/app-root/data/lib/ruby/gems/specifications/rails-3.2.13.gemspec
I, [2014-02-20T15:09:59.293846 #263687]  INFO -- : 0:  ref (1.0.4) from /var/lib/stickshift/5303e4185973ca48d0000201/app-root/data/lib/ruby/gems/specifications/ref-1.0.4.gemspec
I, [2014-02-20T15:10:07.323971 #263687]  INFO -- : 0:  rollbar (0.9.13) from /var/lib/stickshift/5303e4185973ca48d0000201/app-root/data/lib/ruby/gems/specifications/rollbar-0.9.13.gemspec
I, [2014-02-20T15:10:39.240604 #263687]  INFO -- : 0:  sass (3.2.7) from /var/lib/stickshift/5303e4185973ca48d0000201/app-root/data/lib/ruby/gems/specifications/sass-3.2.7.gemspec
I, [2014-02-20T15:11:16.114440 #263687]  INFO -- : 0:  sass-rails (3.2.6) from /var/lib/stickshift/5303e4185973ca48d0000201/app-root/data/lib/ruby/gems/specifications/sass-rails-3.2.6.gemspec
I, [2014-02-20T15:11:29.450727 #263687]  INFO -- : 0:  simple_form (2.1.0) from /var/lib/stickshift/5303e4185973ca48d0000201/app-root/data/lib/ruby/gems/specifications/simple_form-2.1.0.gemspec
I, [2014-02-20T15:14:58.716460 #263687]  INFO -- : 0:  therubyracer (0.11.4) from /var/lib/stickshift/5303e4185973ca48d0000201/app-root/data/lib/ruby/gems/specifications/therubyracer-0.11.4.gemspec
I, [2014-02-20T15:15:01.325270 #263687]  INFO -- : 0:  uglifier (2.0.1) from /var/lib/stickshift/5303e4185973ca48d0000201/app-root/data/lib/ruby/gems/specifications/uglifier-2.0.1.gemspec
I, [2014-02-20T15:15:03.219518 #263687]  INFO -- : 0:  upflickr (0.1.8) from /var/lib/stickshift/5303e4185973ca48d0000201/app-root/data/lib/ruby/gems/specifications/upflickr-0.1.8.gemspec
I, [2014-02-20T15:15:05.050810 #263687]  INFO -- : 0:  video_info (1.4.0) from /var/lib/stickshift/5303e4185973ca48d0000201/app-root/data/lib/ruby/gems/specifications/video_info-1.4.0.gemspec
I, [2014-02-20T15:15:07.077564 #263687]  INFO -- : 0:  will_paginate (3.0.4) from /var/lib/stickshift/5303e4185973ca48d0000201/app-root/data/lib/ruby/gems/specifications/will_paginate-3.0.4.gemspec
I, [2014-02-20T15:15:09.632652 #263687]  INFO -- : 0:  will_paginate-bootstrap (0.2.2) from /var/lib/stickshift/5303e4185973ca48d0000201/app-root/data/lib/ruby/gems/specifications/will_paginate-bootstrap-0.2.2.gemspec
I, [2014-02-20T15:19:03.279079 #293600]  INFO -- : 0:  rake (10.1.1) from /usr/libexec/openshift/cartridges/c9-0.1/root/lib/ruby/gems/specifications/rake-10.1.1.gemspec
I, [2014-02-20T15:19:03.285420 #293600]  INFO -- : 0:  i18n (0.6.1) from /var/lib/stickshift/5303e4185973ca48d0000201/app-root/data/lib/ruby/gems/specifications/i18n-0.6.1.gemspec
I, [2014-02-20T15:19:03.286125 #293600]  INFO -- : 0:  multi_json (1.8.4) from /usr/libexec/openshift/cartridges/c9-0.1/root/lib/ruby/gems/specifications/multi_json-1.8.4.gemspec
I, [2014-02-20T15:19:03.301763 #293600]  INFO -- : 0:  activesupport (3.2.13) from /var/lib/stickshift/5303e4185973ca48d0000201/app-root/data/lib/ruby/gems/specifications/activesupport-3.2.13.gemspec
I, [2014-02-20T15:19:03.316887 #293600]  INFO -- : 0:  builder (3.0.4) from /var/lib/stickshift/5303e4185973ca48d0000201/app-root/data/lib/ruby/gems/specifications/builder-3.0.4.gemspec
I, [2014-02-20T15:19:03.345119 #293600]  INFO -- : 0:  activemodel (3.2.13) from /var/lib/stickshift/5303e4185973ca48d0000201/app-root/data/lib/ruby/gems/specifications/activemodel-3.2.13.gemspec
I, [2014-02-20T15:19:03.345845 #293600]  INFO -- : 0:  erubis (2.7.0) from /usr/libexec/openshift/cartridges/c9-0.1/root/lib/ruby/gems/specifications/erubis-2.7.0.gemspec
I, [2014-02-20T15:19:03.369744 #293600]  INFO -- : 0:  journey (1.0.4) from /var/lib/stickshift/5303e4185973ca48d0000201/app-root/data/lib/ruby/gems/specifications/journey-1.0.4.gemspec
I, [2014-02-20T15:19:03.381188 #293600]  INFO -- : 0:  rack (1.4.5) from /var/lib/stickshift/5303e4185973ca48d0000201/app-root/data/lib/ruby/gems/specifications/rack-1.4.5.gemspec
I, [2014-02-20T15:19:03.397403 #293600]  INFO -- : 0:  rack-cache (1.2) from /var/lib/stickshift/5303e4185973ca48d0000201/app-root/data/lib/ruby/gems/specifications/rack-cache-1.2.gemspec
I, [2014-02-20T15:19:03.398162 #293600]  INFO -- : 0:  rack-test (0.6.2) from /usr/libexec/openshift/cartridges/c9-0.1/root/lib/ruby/gems/specifications/rack-test-0.6.2.gemspec
I, [2014-02-20T15:19:03.420840 #293600]  INFO -- : 0:  hike (1.2.3) from /usr/libexec/openshift/cartridges/c9-0.1/root/lib/ruby/gems/specifications/hike-1.2.3.gemspec
I, [2014-02-20T15:19:03.436358 #293600]  INFO -- : 0:  tilt (1.4.1) from /usr/libexec/openshift/cartridges/c9-0.1/root/lib/ruby/gems/specifications/tilt-1.4.1.gemspec
I, [2014-02-20T15:19:03.437126 #293600]  INFO -- : 0:  sprockets (2.2.2) from /var/lib/stickshift/5303e4185973ca48d0000201/app-root/data/lib/ruby/gems/specifications/sprockets-2.2.2.gemspec
I, [2014-02-20T15:19:03.460787 #293600]  INFO -- : 0:  actionpack (3.2.13) from /var/lib/stickshift/5303e4185973ca48d0000201/app-root/data/lib/ruby/gems/specifications/actionpack-3.2.13.gemspec
I, [2014-02-20T15:19:03.477163 #293600]  INFO -- : 0:  mime-types (1.25.1) from /usr/libexec/openshift/cartridges/c9-0.1/root/lib/ruby/gems/specifications/mime-types-1.25.1.gemspec
I, [2014-02-20T15:19:06.450140 #293600]  INFO -- : 0:  polyglot (0.3.4) from /var/lib/stickshift/5303e4185973ca48d0000201/app-root/data/lib/ruby/gems/specifications/polyglot-0.3.4.gemspec
I, [2014-02-20T15:19:06.467665 #293600]  INFO -- : 0:  treetop (1.4.15) from /usr/libexec/openshift/cartridges/c9-0.1/root/lib/ruby/gems/specifications/treetop-1.4.15.gemspec
I, [2014-02-20T15:19:06.475426 #293600]  INFO -- : 0:  mail (2.5.4) from /usr/libexec/openshift/cartridges/c9-0.1/root/lib/ruby/gems/specifications/mail-2.5.4.gemspec
I, [2014-02-20T15:19:06.482747 #293600]  INFO -- : 0:  actionmailer (3.2.13) from /var/lib/stickshift/5303e4185973ca48d0000201/app-root/data/lib/ruby/gems/specifications/actionmailer-3.2.13.gemspec
I, [2014-02-20T15:19:11.172292 #293600]  INFO -- : 0:  arel (3.0.3) from /var/lib/stickshift/5303e4185973ca48d0000201/app-root/data/lib/ruby/gems/specifications/arel-3.0.3.gemspec
I, [2014-02-20T15:19:11.180256 #293600]  INFO -- : 0:  tzinfo (0.3.38) from /usr/libexec/openshift/cartridges/c9-0.1/root/lib/ruby/gems/specifications/tzinfo-0.3.38.gemspec
I, [2014-02-20T15:19:11.185732 #293600]  INFO -- : 0:  activerecord (3.2.13) from /var/lib/stickshift/5303e4185973ca48d0000201/app-root/data/lib/ruby/gems/specifications/activerecord-3.2.13.gemspec
I, [2014-02-20T15:19:11.190618 #293600]  INFO -- : 0:  activeresource (3.2.13) from /var/lib/stickshift/5303e4185973ca48d0000201/app-root/data/lib/ruby/gems/specifications/activeresource-3.2.13.gemspec
I, [2014-02-20T15:19:13.646029 #293600]  INFO -- : 0:  addressable (2.3.5) from /var/lib/stickshift/5303e4185973ca48d0000201/app-root/data/lib/ruby/gems/specifications/addressable-2.3.5.gemspec
I, [2014-02-20T15:19:17.111883 #293600]  INFO -- : 0:  coderay (1.1.0) from /var/lib/stickshift/5303e4185973ca48d0000201/app-root/data/lib/ruby/gems/specifications/coderay-1.1.0.gemspec
I, [2014-02-20T15:19:20.999926 #293600]  INFO -- : 0:  better_errors (1.1.0) from /var/lib/stickshift/5303e4185973ca48d0000201/app-root/data/lib/ruby/gems/specifications/better_errors-1.1.0.gemspec
I, [2014-02-20T15:19:21.000929 #293600]  INFO -- : 0:  debug_inspector (0.0.2) from /var/lib/stickshift/5303e4185973ca48d0000201/app-root/data/lib/ruby/gems/specifications/debug_inspector-0.0.2.gemspec
I, [2014-02-20T15:19:32.713566 #293600]  INFO -- : 0:  binding_of_caller (0.7.2) from /var/lib/stickshift/5303e4185973ca48d0000201/app-root/data/lib/ruby/gems/specifications/binding_of_caller-0.7.2.gemspec
I, [2014-02-20T15:19:32.723111 #293600]  INFO -- : 0:  bundler (1.5.1) from /usr/libexec/openshift/cartridges/c9-0.1/root/lib/ruby/gems/specifications/bundler-1.5.1.gemspec
I, [2014-02-20T15:19:35.358686 #293600]  INFO -- : 0:  client_side_validations (3.2.6) from /var/lib/stickshift/5303e4185973ca48d0000201/app-root/data/lib/ruby/gems/specifications/client_side_validations-3.2.6.gemspec
I, [2014-02-20T15:19:37.227718 #293600]  INFO -- : 0:  coffee-script-source (1.7.0) from /var/lib/stickshift/5303e4185973ca48d0000201/app-root/data/lib/ruby/gems/specifications/coffee-script-source-1.7.0.gemspec
I, [2014-02-20T15:19:37.230570 #293600]  INFO -- : 0:  execjs (2.0.2) from /usr/libexec/openshift/cartridges/c9-0.1/root/lib/ruby/gems/specifications/execjs-2.0.2.gemspec
I, [2014-02-20T15:19:37.232877 #293600]  INFO -- : 0:  coffee-script (2.2.0) from /usr/libexec/openshift/cartridges/c9-0.1/root/lib/ruby/gems/specifications/coffee-script-2.2.0.gemspec
I, [2014-02-20T15:19:37.233774 #293600]  INFO -- : 0:  rack-ssl (1.3.3) from /var/lib/stickshift/5303e4185973ca48d0000201/app-root/data/lib/ruby/gems/specifications/rack-ssl-1.3.3.gemspec
I, [2014-02-20T15:19:37.234645 #293600]  INFO -- : 0:  json (1.8.1) from /usr/libexec/openshift/cartridges/c9-0.1/root/lib/ruby/gems/specifications/json-1.8.1.gemspec
I, [2014-02-20T15:19:37.248480 #293600]  INFO -- : 0:  rdoc (3.12.2) from /var/lib/stickshift/5303e4185973ca48d0000201/app-root/data/lib/ruby/gems/specifications/rdoc-3.12.2.gemspec
I, [2014-02-20T15:19:37.249450 #293600]  INFO -- : 0:  thor (0.18.1) from /usr/libexec/openshift/cartridges/c9-0.1/root/lib/ruby/gems/specifications/thor-0.18.1.gemspec
I, [2014-02-20T15:19:37.253769 #293600]  INFO -- : 0:  railties (3.2.13) from /var/lib/stickshift/5303e4185973ca48d0000201/app-root/data/lib/ruby/gems/specifications/railties-3.2.13.gemspec
I, [2014-02-20T15:19:37.260023 #293600]  INFO -- : 0:  coffee-rails (3.2.2) from /var/lib/stickshift/5303e4185973ca48d0000201/app-root/data/lib/ruby/gems/specifications/coffee-rails-3.2.2.gemspec
I, [2014-02-20T15:19:39.056336 #293600]  INFO -- : 0:  flickraw (0.9.7) from /var/lib/stickshift/5303e4185973ca48d0000201/app-root/data/lib/ruby/gems/specifications/flickraw-0.9.7.gemspec
I, [2014-02-20T15:19:40.934242 #293600]  INFO -- : 0:  htmlentities (4.3.1) from /var/lib/stickshift/5303e4185973ca48d0000201/app-root/data/lib/ruby/gems/specifications/htmlentities-4.3.1.gemspec
I, [2014-02-20T15:19:42.514199 #293600]  INFO -- : 0:  multi_xml (0.5.5) from /var/lib/stickshift/5303e4185973ca48d0000201/app-root/data/lib/ruby/gems/specifications/multi_xml-0.5.5.gemspec
I, [2014-02-20T15:19:47.744271 #293600]  INFO -- : 0:  httparty (0.13.0) from /var/lib/stickshift/5303e4185973ca48d0000201/app-root/data/lib/ruby/gems/specifications/httparty-0.13.0.gemspec
I, [2014-02-20T15:19:51.592777 #293600]  INFO -- : 0:  jquery-rails (3.1.0) from /var/lib/stickshift/5303e4185973ca48d0000201/app-root/data/lib/ruby/gems/specifications/jquery-rails-3.1.0.gemspec
I, [2014-02-20T15:19:51.646240 #293600]  INFO -- : 0:  jquery_datepicker (0.4) from /var/lib/stickshift/5303e4185973ca48d0000201/app-root/data/lib/ruby/gems/specifications/jquery_datepicker-0.4.gemspec
I, [2014-02-20T15:19:58.256241 #293600]  INFO -- : 0:  launchy (2.4.2) from /var/lib/stickshift/5303e4185973ca48d0000201/app-root/data/lib/ruby/gems/specifications/launchy-2.4.2.gemspec
I, [2014-02-20T15:20:11.392985 #293600]  INFO -- : 0:  libv8 (3.16.14.3) from /var/lib/stickshift/5303e4185973ca48d0000201/app-root/data/lib/ruby/gems/specifications/libv8-3.16.14.3-x86_64-linux.gemspec
I, [2014-02-20T15:23:59.107666 #293600]  INFO -- : 0:  pg (0.17.1) from /var/lib/stickshift/5303e4185973ca48d0000201/app-root/data/lib/ruby/gems/specifications/pg-0.17.1.gemspec
I, [2014-02-20T15:23:59.121364 #293600]  INFO -- : 0:  picasa (0.6.7) from /var/lib/stickshift/5303e4185973ca48d0000201/app-root/data/lib/ruby/gems/specifications/picasa-0.6.7.gemspec
I, [2014-02-20T15:23:59.122082 #293600]  INFO -- : 0:  rails (3.2.13) from /var/lib/stickshift/5303e4185973ca48d0000201/app-root/data/lib/ruby/gems/specifications/rails-3.2.13.gemspec
I, [2014-02-20T15:24:09.108939 #293600]  INFO -- : 0:  ref (1.0.5) from /var/lib/stickshift/5303e4185973ca48d0000201/app-root/data/lib/ruby/gems/specifications/ref-1.0.5.gemspec
I, [2014-02-20T15:24:20.259314 #293600]  INFO -- : 0:  rollbar (0.12.11) from /var/lib/stickshift/5303e4185973ca48d0000201/app-root/data/lib/ruby/gems/specifications/rollbar-0.12.11.gemspec
I, [2014-02-20T15:24:46.005114 #293600]  INFO -- : 0:  sass (3.2.14) from /var/lib/stickshift/5303e4185973ca48d0000201/app-root/data/lib/ruby/gems/specifications/sass-3.2.14.gemspec
I, [2014-02-20T15:24:46.038856 #293600]  INFO -- : 0:  sass-rails (3.2.6) from /var/lib/stickshift/5303e4185973ca48d0000201/app-root/data/lib/ruby/gems/specifications/sass-rails-3.2.6.gemspec
I, [2014-02-20T15:25:04.115330 #293600]  INFO -- : 0:  simple_form (2.1.1) from /var/lib/stickshift/5303e4185973ca48d0000201/app-root/data/lib/ruby/gems/specifications/simple_form-2.1.1.gemspec
I, [2014-02-20T15:34:40.962949 #293600]  INFO -- : 0:  therubyracer (0.12.1) from /var/lib/stickshift/5303e4185973ca48d0000201/app-root/data/lib/ruby/gems/specifications/therubyracer-0.12.1.gemspec
I, [2014-02-20T15:34:41.052315 #293600]  INFO -- : 0:  uglifier (2.4.0) from /usr/libexec/openshift/cartridges/c9-0.1/root/lib/ruby/gems/specifications/uglifier-2.4.0.gemspec
I, [2014-02-20T15:34:41.088928 #293600]  INFO -- : 0:  upflickr (0.1.8) from /var/lib/stickshift/5303e4185973ca48d0000201/app-root/data/lib/ruby/gems/specifications/upflickr-0.1.8.gemspec
I, [2014-02-20T15:35:05.569284 #293600]  INFO -- : 0:  video_info (2.1.1) from /var/lib/stickshift/5303e4185973ca48d0000201/app-root/data/lib/ruby/gems/specifications/video_info-2.1.1.gemspec
I, [2014-02-20T15:35:14.266187 #293600]  INFO -- : 0:  will_paginate (3.0.5) from /var/lib/stickshift/5303e4185973ca48d0000201/app-root/data/lib/ruby/gems/specifications/will_paginate-3.0.5.gemspec
I, [2014-02-20T15:35:31.573701 #293600]  INFO -- : 0:  will_paginate-bootstrap (1.0.0) from /var/lib/stickshift/5303e4185973ca48d0000201/app-root/data/lib/ruby/gems/specifications/will_paginate-bootstrap-1.0.0.gemspec
